<?xml version="1.0" encoding="UTF-8"?>
<!-- Generated by org.testng.reporters.JUnitReportReporter -->
<testsuite hostname="PC-HUONGNGUYEN" name="com.bankguru.login.Login_01_CreateUserAndLogin" tests="1" failures="0" timestamp="20 Jun 2018 08:18:41 GMT" time="0.011" errors="0">
  <testcase name="f" time="0.011" classname="com.bankguru.login.Login_01_CreateUserAndLogin"/>
</testsuite> <!-- com.bankguru.login.Login_01_CreateUserAndLogin -->
